[2026-03-05 18:06:32.702] Evaluating SelvagenLoginComponent SolveInstance
[2026-03-05 18:06:36.260] Evaluating SelvagenLoginComponent SolveInstance
[2026-03-05 18:06:36.267] Logging in to https://aqzfsrebvjkegvfexcut.supabase.co with email admin@selvagen.com
[2026-03-05 18:06:37.061] Login successful: Logged in as admin@selvagen.com
[2026-03-05 18:06:38.349] SelvagenClientsComponent: Fetching clients...
[2026-03-05 18:06:38.363] SendAuthorizedAsync: GET https://aqzfsrebvjkegvfexcut.supabase.co/rest/v1/firms?type=eq.client&select=id,legal_name,type
[2026-03-05 18:06:38.370]   Authorization: Bearer eyJhbGciOiJFUzI1NiIs...
[2026-03-05 18:06:38.378]   apikey: eyJhbGciOiJIUzI1NiIs...
[2026-03-05 18:06:39.094] SelvagenClientsComponent: Found 8 clients.
[2026-03-05 18:08:00.549] SelvagenProjectsComponent: Fetching projects...
[2026-03-05 18:08:00.561] SendAuthorizedAsync: GET https://aqzfsrebvjkegvfexcut.supabase.co/functions/v1/plugin-projects
[2026-03-05 18:08:00.569]   Authorization: Bearer eyJhbGciOiJFUzI1NiIs...
[2026-03-05 18:08:00.577]   apikey: eyJhbGciOiJIUzI1NiIs...
[2026-03-05 18:08:04.054] ListProjectsAsync: HTTP 200, body = [{"id":"14d70b05-67ab-4445-a2e1-dbe8bdc6df1f","name":"Meu primeiro projeto","created_at":"2026-02-22T14:15:49.576269+00:00"},{"id":"0ae6073d-c80a-4eed-a537-5ad8ee51d028","name":"Residencial Alto do Parque","created_at":"2026-02-16T18:14:26.730464+00:00"},{"id":"5143da03-1ff3-487f-bf6d-0af042ffb574","name":"Condomínio Serra Verde","created_at":"2026-02-16T18:14:26.730464+00:00"},{"id":"b1b6c1c3-b1ee-4bbd-bdfa-9a0155b89b64","name":"Loteamento Costa Norte","created_at":"2026-02-16T18:14:26.730464+00:00"}]
[2026-03-05 18:08:04.065] SelvagenProjectsComponent: Found 4 projects.
[2026-03-05 18:09:01.511] SelvagenProjectsComponent: Fetching projects...
[2026-03-05 18:09:01.522] SendAuthorizedAsync: GET https://aqzfsrebvjkegvfexcut.supabase.co/rest/v1/projects?client_id=eq.a1b2c3d4-e5f6-7890-abcd-ef1234567890&select=id,name,created_at
[2026-03-05 18:09:01.529]   Authorization: Bearer eyJhbGciOiJFUzI1NiIs...
[2026-03-05 18:09:01.536]   apikey: eyJhbGciOiJIUzI1NiIs...
[2026-03-05 18:09:01.844] SelvagenProjectsComponent: Found 3 projects.
[2026-03-05 18:10:02.406] SelvagenProjectModulesComponent: Fetching modules for project 0ae6073d-c80a-4eed-a537-5ad8ee51d028...
[2026-03-05 18:10:02.422] SendAuthorizedAsync: GET https://aqzfsrebvjkegvfexcut.supabase.co/rest/v1/topography?project_id=eq.0ae6073d-c80a-4eed-a537-5ad8ee51d028&select=id,project_id,created_at
[2026-03-05 18:10:02.428]   Authorization: Bearer eyJhbGciOiJFUzI1NiIs...
[2026-03-05 18:10:02.434]   apikey: eyJhbGciOiJIUzI1NiIs...
[2026-03-05 18:10:02.681] SendAuthorizedAsync: GET https://aqzfsrebvjkegvfexcut.supabase.co/rest/v1/geology?project_id=eq.0ae6073d-c80a-4eed-a537-5ad8ee51d028&select=id,project_id,created_at
[2026-03-05 18:10:02.693]   Authorization: Bearer eyJhbGciOiJFUzI1NiIs...
[2026-03-05 18:10:02.701]   apikey: eyJhbGciOiJIUzI1NiIs...
[2026-03-05 18:10:02.956] SendAuthorizedAsync: GET https://aqzfsrebvjkegvfexcut.supabase.co/rest/v1/analyses?project_id=eq.0ae6073d-c80a-4eed-a537-5ad8ee51d028&select=id,project_id,created_at
[2026-03-05 18:10:02.962]   Authorization: Bearer eyJhbGciOiJFUzI1NiIs...
[2026-03-05 18:10:02.969]   apikey: eyJhbGciOiJIUzI1NiIs...
[2026-03-05 18:10:03.184] SendAuthorizedAsync: GET https://aqzfsrebvjkegvfexcut.supabase.co/rest/v1/optimizations?project_id=eq.0ae6073d-c80a-4eed-a537-5ad8ee51d028&select=id,project_id,created_at
[2026-03-05 18:10:03.191]   Authorization: Bearer eyJhbGciOiJFUzI1NiIs...
[2026-03-05 18:10:03.198]   apikey: eyJhbGciOiJIUzI1NiIs...
[2026-03-05 18:10:03.424] SelvagenProjectModulesComponent: Found 0 modules.
[2026-03-05 18:10:14.345] SelvagenProjectModulesComponent: Fetching modules for project 0ae6073d-c80a-4eed-a537-5ad8ee51d028...
[2026-03-05 18:10:14.352] SendAuthorizedAsync: GET https://aqzfsrebvjkegvfexcut.supabase.co/rest/v1/topography?project_id=eq.0ae6073d-c80a-4eed-a537-5ad8ee51d028&select=id,project_id,created_at
[2026-03-05 18:10:14.359]   Authorization: Bearer eyJhbGciOiJFUzI1NiIs...
[2026-03-05 18:10:14.366]   apikey: eyJhbGciOiJIUzI1NiIs...
[2026-03-05 18:10:14.570] SendAuthorizedAsync: GET https://aqzfsrebvjkegvfexcut.supabase.co/rest/v1/geology?project_id=eq.0ae6073d-c80a-4eed-a537-5ad8ee51d028&select=id,project_id,created_at
[2026-03-05 18:10:14.577]   Authorization: Bearer eyJhbGciOiJFUzI1NiIs...
[2026-03-05 18:10:14.583]   apikey: eyJhbGciOiJIUzI1NiIs...
[2026-03-05 18:10:14.787] SendAuthorizedAsync: GET https://aqzfsrebvjkegvfexcut.supabase.co/rest/v1/analyses?project_id=eq.0ae6073d-c80a-4eed-a537-5ad8ee51d028&select=id,project_id,created_at
[2026-03-05 18:10:14.794]   Authorization: Bearer eyJhbGciOiJFUzI1NiIs...
[2026-03-05 18:10:14.800]   apikey: eyJhbGciOiJIUzI1NiIs...
[2026-03-05 18:10:14.986] SendAuthorizedAsync: GET https://aqzfsrebvjkegvfexcut.supabase.co/rest/v1/optimizations?project_id=eq.0ae6073d-c80a-4eed-a537-5ad8ee51d028&select=id,project_id,created_at
[2026-03-05 18:10:14.992]   Authorization: Bearer eyJhbGciOiJFUzI1NiIs...
[2026-03-05 18:10:14.999]   apikey: eyJhbGciOiJIUzI1NiIs...
[2026-03-05 18:10:15.220] SelvagenProjectModulesComponent: Found 0 modules.
[2026-03-05 18:10:21.312] SelvagenProjectModulesComponent: Fetching modules for project 5143da03-1ff3-487f-bf6d-0af042ffb574...
[2026-03-05 18:10:21.318] SendAuthorizedAsync: GET https://aqzfsrebvjkegvfexcut.supabase.co/rest/v1/topography?project_id=eq.5143da03-1ff3-487f-bf6d-0af042ffb574&select=id,project_id,created_at
[2026-03-05 18:10:21.325]   Authorization: Bearer eyJhbGciOiJFUzI1NiIs...
[2026-03-05 18:10:21.331]   apikey: eyJhbGciOiJIUzI1NiIs...
[2026-03-05 18:10:21.519] SendAuthorizedAsync: GET https://aqzfsrebvjkegvfexcut.supabase.co/rest/v1/geology?project_id=eq.5143da03-1ff3-487f-bf6d-0af042ffb574&select=id,project_id,created_at
[2026-03-05 18:10:21.525]   Authorization: Bearer eyJhbGciOiJFUzI1NiIs...
[2026-03-05 18:10:21.532]   apikey: eyJhbGciOiJIUzI1NiIs...
[2026-03-05 18:10:21.755] SendAuthorizedAsync: GET https://aqzfsrebvjkegvfexcut.supabase.co/rest/v1/analyses?project_id=eq.5143da03-1ff3-487f-bf6d-0af042ffb574&select=id,project_id,created_at
[2026-03-05 18:10:21.761]   Authorization: Bearer eyJhbGciOiJFUzI1NiIs...
[2026-03-05 18:10:21.767]   apikey: eyJhbGciOiJIUzI1NiIs...
[2026-03-05 18:10:21.949] SendAuthorizedAsync: GET https://aqzfsrebvjkegvfexcut.supabase.co/rest/v1/optimizations?project_id=eq.5143da03-1ff3-487f-bf6d-0af042ffb574&select=id,project_id,created_at
[2026-03-05 18:10:21.956]   Authorization: Bearer eyJhbGciOiJFUzI1NiIs...
[2026-03-05 18:10:21.962]   apikey: eyJhbGciOiJIUzI1NiIs...
[2026-03-05 18:10:22.168] SelvagenProjectModulesComponent: Found 0 modules.
[2026-03-05 18:10:22.221] SelvagenProjectModulesComponent: Fetching modules for project b1b6c1c3-b1ee-4bbd-bdfa-9a0155b89b64...
[2026-03-05 18:10:22.228] SendAuthorizedAsync: GET https://aqzfsrebvjkegvfexcut.supabase.co/rest/v1/topography?project_id=eq.b1b6c1c3-b1ee-4bbd-bdfa-9a0155b89b64&select=id,project_id,created_at
[2026-03-05 18:10:22.235]   Authorization: Bearer eyJhbGciOiJFUzI1NiIs...
[2026-03-05 18:10:22.242]   apikey: eyJhbGciOiJIUzI1NiIs...
[2026-03-05 18:10:22.424] SendAuthorizedAsync: GET https://aqzfsrebvjkegvfexcut.supabase.co/rest/v1/geology?project_id=eq.b1b6c1c3-b1ee-4bbd-bdfa-9a0155b89b64&select=id,project_id,created_at
[2026-03-05 18:10:22.430]   Authorization: Bearer eyJhbGciOiJFUzI1NiIs...
[2026-03-05 18:10:22.437]   apikey: eyJhbGciOiJIUzI1NiIs...
[2026-03-05 18:10:22.611] SendAuthorizedAsync: GET https://aqzfsrebvjkegvfexcut.supabase.co/rest/v1/analyses?project_id=eq.b1b6c1c3-b1ee-4bbd-bdfa-9a0155b89b64&select=id,project_id,created_at
[2026-03-05 18:10:22.617]   Authorization: Bearer eyJhbGciOiJFUzI1NiIs...
[2026-03-05 18:10:22.624]   apikey: eyJhbGciOiJIUzI1NiIs...
[2026-03-05 18:10:22.799] SendAuthorizedAsync: GET https://aqzfsrebvjkegvfexcut.supabase.co/rest/v1/optimizations?project_id=eq.b1b6c1c3-b1ee-4bbd-bdfa-9a0155b89b64&select=id,project_id,created_at
[2026-03-05 18:10:22.805]   Authorization: Bearer eyJhbGciOiJFUzI1NiIs...
[2026-03-05 18:10:22.812]   apikey: eyJhbGciOiJIUzI1NiIs...
[2026-03-05 18:10:22.993] SelvagenProjectModulesComponent: Found 0 modules.
[2026-03-05 18:10:28.949] SelvagenProjectModulesComponent: Fetching modules for project b1b6c1c3-b1ee-4bbd-bdfa-9a0155b89b64...
[2026-03-05 18:10:28.957] SendAuthorizedAsync: GET https://aqzfsrebvjkegvfexcut.supabase.co/rest/v1/topography?project_id=eq.b1b6c1c3-b1ee-4bbd-bdfa-9a0155b89b64&select=id,project_id,created_at
[2026-03-05 18:10:28.964]   Authorization: Bearer eyJhbGciOiJFUzI1NiIs...
[2026-03-05 18:10:28.971]   apikey: eyJhbGciOiJIUzI1NiIs...
[2026-03-05 18:10:29.148] SendAuthorizedAsync: GET https://aqzfsrebvjkegvfexcut.supabase.co/rest/v1/geology?project_id=eq.b1b6c1c3-b1ee-4bbd-bdfa-9a0155b89b64&select=id,project_id,created_at
[2026-03-05 18:10:29.155]   Authorization: Bearer eyJhbGciOiJFUzI1NiIs...
[2026-03-05 18:10:29.162]   apikey: eyJhbGciOiJIUzI1NiIs...
[2026-03-05 18:10:29.338] SendAuthorizedAsync: GET https://aqzfsrebvjkegvfexcut.supabase.co/rest/v1/analyses?project_id=eq.b1b6c1c3-b1ee-4bbd-bdfa-9a0155b89b64&select=id,project_id,created_at
[2026-03-05 18:10:29.345]   Authorization: Bearer eyJhbGciOiJFUzI1NiIs...
[2026-03-05 18:10:29.352]   apikey: eyJhbGciOiJIUzI1NiIs...
[2026-03-05 18:10:29.539] SendAuthorizedAsync: GET https://aqzfsrebvjkegvfexcut.supabase.co/rest/v1/optimizations?project_id=eq.b1b6c1c3-b1ee-4bbd-bdfa-9a0155b89b64&select=id,project_id,created_at
[2026-03-05 18:10:29.546]   Authorization: Bearer eyJhbGciOiJFUzI1NiIs...
[2026-03-05 18:10:29.552]   apikey: eyJhbGciOiJIUzI1NiIs...
[2026-03-05 18:10:29.729] SelvagenProjectModulesComponent: Found 0 modules.
[2026-03-05 18:10:35.982] SelvagenProjectModulesComponent: Fetching modules for project 5143da03-1ff3-487f-bf6d-0af042ffb574...
[2026-03-05 18:10:35.990] SendAuthorizedAsync: GET https://aqzfsrebvjkegvfexcut.supabase.co/rest/v1/topography?project_id=eq.5143da03-1ff3-487f-bf6d-0af042ffb574&select=id,project_id,created_at
[2026-03-05 18:10:35.996]   Authorization: Bearer eyJhbGciOiJFUzI1NiIs...
[2026-03-05 18:10:36.003]   apikey: eyJhbGciOiJIUzI1NiIs...
[2026-03-05 18:10:36.185] SendAuthorizedAsync: GET https://aqzfsrebvjkegvfexcut.supabase.co/rest/v1/geology?project_id=eq.5143da03-1ff3-487f-bf6d-0af042ffb574&select=id,project_id,created_at
[2026-03-05 18:10:36.191]   Authorization: Bearer eyJhbGciOiJFUzI1NiIs...
[2026-03-05 18:10:36.198]   apikey: eyJhbGciOiJIUzI1NiIs...
[2026-03-05 18:10:36.381] SendAuthorizedAsync: GET https://aqzfsrebvjkegvfexcut.supabase.co/rest/v1/analyses?project_id=eq.5143da03-1ff3-487f-bf6d-0af042ffb574&select=id,project_id,created_at
[2026-03-05 18:10:36.387]   Authorization: Bearer eyJhbGciOiJFUzI1NiIs...
[2026-03-05 18:10:36.393]   apikey: eyJhbGciOiJIUzI1NiIs...
[2026-03-05 18:10:36.568] SendAuthorizedAsync: GET https://aqzfsrebvjkegvfexcut.supabase.co/rest/v1/optimizations?project_id=eq.5143da03-1ff3-487f-bf6d-0af042ffb574&select=id,project_id,created_at
[2026-03-05 18:10:36.575]   Authorization: Bearer eyJhbGciOiJFUzI1NiIs...
[2026-03-05 18:10:36.581]   apikey: eyJhbGciOiJIUzI1NiIs...
[2026-03-05 18:10:36.753] SelvagenProjectModulesComponent: Found 0 modules.
[2026-03-05 18:10:37.851] SelvagenProjectModulesComponent: Fetching modules for project 5143da03-1ff3-487f-bf6d-0af042ffb574...
[2026-03-05 18:10:37.858] SendAuthorizedAsync: GET https://aqzfsrebvjkegvfexcut.supabase.co/rest/v1/topography?project_id=eq.5143da03-1ff3-487f-bf6d-0af042ffb574&select=id,project_id,created_at
[2026-03-05 18:10:37.865]   Authorization: Bearer eyJhbGciOiJFUzI1NiIs...
[2026-03-05 18:10:37.872]   apikey: eyJhbGciOiJIUzI1NiIs...
[2026-03-05 18:10:38.059] SendAuthorizedAsync: GET https://aqzfsrebvjkegvfexcut.supabase.co/rest/v1/geology?project_id=eq.5143da03-1ff3-487f-bf6d-0af042ffb574&select=id,project_id,created_at
[2026-03-05 18:10:38.065]   Authorization: Bearer eyJhbGciOiJFUzI1NiIs...
[2026-03-05 18:10:38.072]   apikey: eyJhbGciOiJIUzI1NiIs...
[2026-03-05 18:10:38.252] SendAuthorizedAsync: GET https://aqzfsrebvjkegvfexcut.supabase.co/rest/v1/analyses?project_id=eq.5143da03-1ff3-487f-bf6d-0af042ffb574&select=id,project_id,created_at
[2026-03-05 18:10:38.260]   Authorization: Bearer eyJhbGciOiJFUzI1NiIs...
[2026-03-05 18:10:38.268]   apikey: eyJhbGciOiJIUzI1NiIs...
[2026-03-05 18:10:38.446] SendAuthorizedAsync: GET https://aqzfsrebvjkegvfexcut.supabase.co/rest/v1/optimizations?project_id=eq.5143da03-1ff3-487f-bf6d-0af042ffb574&select=id,project_id,created_at
[2026-03-05 18:10:38.453]   Authorization: Bearer eyJhbGciOiJFUzI1NiIs...
[2026-03-05 18:10:38.459]   apikey: eyJhbGciOiJIUzI1NiIs...
[2026-03-05 18:10:38.632] SelvagenProjectModulesComponent: Found 0 modules.
